<?xml version="1.0" encoding="UTF-8"?>
<!-- Generated by org.testng.reporters.JUnitReportReporter -->
<testsuite hostname="MacPro-Abdi" failures="0" tests="2" name="testsCase.Addition" time="0.027" errors="0" timestamp="2023-02-10T16:42:51 CET" skipped="0">
  <testcase classname="testsCase.Addition" name="afficher3" time="0.006"/>
  <testcase classname="testsCase.Addition" name="afficher" time="0.021"/>
</testsuite> <!-- testsCase.Addition -->
