<?xml version="1.0" encoding="UTF-8"?>
<!-- Generated by org.testng.reporters.JUnitReportReporter -->
<testsuite hostname="MacPro-Abdi" failures="0" tests="3" name="testsCase.Addition" time="0.096" errors="0" timestamp="2023-02-13T11:11:39 CET" skipped="0">
  <testcase classname="testsCase.Addition" name="afficher3" time="0.012"/>
  <testcase classname="testsCase.Addition" name="afficher1" time="0.068"/>
  <testcase classname="testsCase.Addition" name="afficher2" time="0.016"/>
</testsuite> <!-- testsCase.Addition -->
