<?xml version="1.0" encoding="UTF-8"?>
<!-- Generated by org.testng.reporters.JUnitReportReporter -->
<testsuite hostname="MacPro-Abdi" failures="0" tests="2" name="testsCase.Addition" time="0.009" errors="0" timestamp="2023-02-11T17:16:20 CET" skipped="0">
  <testcase classname="testsCase.Addition" name="afficher2" time="0.001"/>
  <testcase classname="testsCase.Addition" name="afficher1" time="0.008"/>
</testsuite> <!-- testsCase.Addition -->
